#
# There is insufficient memory for the Java Runtime Environment to continue.
# Native memory allocation (malloc) failed to allocate 2083456 bytes for Chunk::new
# Possible reasons:
#   The system is out of physical RAM or swap space
#   In 32 bit mode, the process size limit was hit
# Possible solutions:
#   Reduce memory load on the system
#   Increase physical memory or swap space
#   Check if swap backing store is full
#   Use 64 bit Java on a 64 bit OS
#   Decrease Java heap size (-Xmx/-Xms)
#   Decrease number of Java threads
#   Decrease Java thread stack sizes (-Xss)
#   Set larger code cache with -XX:ReservedCodeCacheSize=
# This output file may be truncated or incomplete.
#
#  Out of Memory Error (allocation.cpp:390), pid=27492, tid=22624
#
# JRE version: Java(TM) SE Runtime Environment (8.0_20-b26) (build 1.8.0_20-b26)
# Java VM: Java HotSpot(TM) 64-Bit Server VM (25.20-b23 mixed mode windows-amd64 compressed oops)
# Failed to write core dump. Minidumps are not enabled by default on client versions of Windows
#

---------------  T H R E A D  ---------------

Current thread (0x0000000014698800):  JavaThread "C2 CompilerThread0" daemon [_thread_in_native, id=22624, stack(0x0000000015bf0000,0x0000000015cf0000)]

Stack: [0x0000000015bf0000,0x0000000015cf0000]
Native frames: (J=compiled Java code, j=interpreted, Vv=VM code, C=native code)
V  [jvm.dll+0x3152fa]
V  [jvm.dll+0x265d03]
V  [jvm.dll+0x266943]
V  [jvm.dll+0x25e265]
V  [jvm.dll+0xbe255]
V  [jvm.dll+0xbe6fc]
V  [jvm.dll+0x45c472]
V  [jvm.dll+0x49d76f]
V  [jvm.dll+0x451911]
V  [jvm.dll+0x452634]
V  [jvm.dll+0x435fc2]
V  [jvm.dll+0x97b62]
V  [jvm.dll+0x98353]
V  [jvm.dll+0x22aac4]
V  [jvm.dll+0x283f5a]
C  [msvcr100.dll+0x21d9f]
C  [msvcr100.dll+0x21e3b]
C  [KERNEL32.DLL+0x13d2]
C  [ntdll.dll+0x15454]


Current CompileTask:
C2:   7571 3042   !   4       java.net.URLClassLoader$1::run (73 bytes)


---------------  P R O C E S S  ---------------

Java Threads: ( => current thread )
  0x000000001aae6800 JavaThread "File lock request listener" [_thread_in_native, id=27396, stack(0x000000001baf0000,0x000000001bbf0000)]
  0x0000000017207800 JavaThread "Stdin handler" [_thread_blocked, id=26180, stack(0x0000000018af0000,0x0000000018bf0000)]
  0x00000000171f6800 JavaThread "Daemon worker" [_thread_in_vm, id=26444, stack(0x00000000189f0000,0x0000000018af0000)]
  0x00000000171f4000 JavaThread "Cancel handler" [_thread_blocked, id=26724, stack(0x00000000188f0000,0x00000000189f0000)]
  0x0000000017321000 JavaThread "Handler for socket connection from /127.0.0.1:58388 to /127.0.0.1:58391" [_thread_in_native, id=25992, stack(0x00000000187f0000,0x00000000188f0000)]
  0x0000000017318800 JavaThread "Daemon" [_thread_blocked, id=26372, stack(0x00000000186f0000,0x00000000187f0000)]
  0x0000000017331000 JavaThread "Incoming local TCP Connector on port 58388" [_thread_in_native, id=21040, stack(0x0000000017ff0000,0x00000000180f0000)]
  0x0000000015f00800 JavaThread "Service Thread" daemon [_thread_blocked, id=25812, stack(0x00000000162f0000,0x00000000163f0000)]
  0x000000001468e800 JavaThread "C1 CompilerThread2" daemon [_thread_in_native, id=20592, stack(0x0000000015df0000,0x0000000015ef0000)]
  0x000000001468b000 JavaThread "C2 CompilerThread1" daemon [_thread_in_native, id=27140, stack(0x0000000015cf0000,0x0000000015df0000)]
=>0x0000000014698800 JavaThread "C2 CompilerThread0" daemon [_thread_in_native, id=22624, stack(0x0000000015bf0000,0x0000000015cf0000)]
  0x0000000014697000 JavaThread "Attach Listener" daemon [_thread_blocked, id=26912, stack(0x0000000015af0000,0x0000000015bf0000)]
  0x0000000014695800 JavaThread "Signal Dispatcher" daemon [_thread_blocked, id=26432, stack(0x00000000159f0000,0x0000000015af0000)]
  0x0000000001fb7000 JavaThread "Finalizer" daemon [_thread_blocked, id=25548, stack(0x00000000158f0000,0x00000000159f0000)]
  0x0000000001fae000 JavaThread "Reference Handler" daemon [_thread_blocked, id=20656, stack(0x00000000157f0000,0x00000000158f0000)]
  0x0000000001dbe000 JavaThread "main" [_thread_blocked, id=25792, stack(0x0000000001dc0000,0x0000000001ec0000)]

Other Threads:
  0x0000000014655800 VMThread [stack: 0x00000000156f0000,0x00000000157f0000] [id=27024]
  0x0000000015f02000 WatcherThread [stack: 0x00000000163f0000,0x00000000164f0000] [id=25756]

VM state:not at safepoint (normal execution)

VM Mutex/Monitor currently owned by a thread: None

Heap:
 PSYoungGen      total 60416K, used 16715K [0x00000000eab00000, 0x00000000ef280000, 0x0000000100000000)
  eden space 49664K, 17% used [0x00000000eab00000,0x00000000eb3440f8,0x00000000edb80000)
  from space 10752K, 76% used [0x00000000edb80000,0x00000000ee38eb88,0x00000000ee600000)
  to   space 11264K, 0% used [0x00000000ee600000,0x00000000ee600000,0x00000000ef100000)
 ParOldGen       total 67072K, used 9144K [0x00000000c0000000, 0x00000000c4180000, 0x00000000eab00000)
  object space 67072K, 13% used [0x00000000c0000000,0x00000000c08ee378,0x00000000c4180000)
 Metaspace       used 29378K, capacity 30104K, committed 30464K, reserved 1075200K
  class space    used 3996K, capacity 4261K, committed 4352K, reserved 1048576K

Card table byte_map: [0x0000000011380000,0x0000000011590000] byte_map_base: 0x0000000010d80000

Marking Bits: (ParMarkBitMap*) 0x00000000599fb460
 Begin Bits: [0x0000000011af0000, 0x0000000012af0000)
 End Bits:   [0x0000000012af0000, 0x0000000013af0000)

Polling page: 0x0000000001d30000

CodeCache: size=245760Kb used=11435Kb max_used=11692Kb free=234324Kb
 bounds [0x0000000001fc0000, 0x0000000002b40000, 0x0000000010fc0000]
 total_blobs=3634 nmethods=2991 adapters=556
 compilation: enabled

Compilation events (10 events):
Event: 7.226 Thread 0x000000001468e800 3056       3       com.google.common.collect.ImmutableEntry::<init> (15 bytes)
Event: 7.226 Thread 0x000000001468e800 nmethod 3056 0x00000000020c0c90 code [0x00000000020c0e00, 0x00000000020c1030]
Event: 7.226 Thread 0x000000001468e800 3057       3       com.google.common.collect.AbstractMapEntry::<init> (5 bytes)
Event: 7.226 Thread 0x000000001468e800 nmethod 3057 0x0000000002327690 code [0x00000000023277e0, 0x0000000002327990]
Event: 7.233 Thread 0x000000001468e800 3058       3       org.gradle.api.internal.AbstractClassGenerator$ClassMetaData::property (42 bytes)
Event: 7.233 Thread 0x000000001468e800 nmethod 3058 0x000000000210f2d0 code [0x000000000210f480, 0x000000000210f9a8]
Event: 7.234 Thread 0x000000001468e800 3059       3       org.gradle.internal.reflect.ClassInspector$DefaultPropertyDetails::getGetters (8 bytes)
Event: 7.234 Thread 0x000000001468e800 nmethod 3059 0x00000000020def10 code [0x00000000020df060, 0x00000000020df1f0]
Event: 7.234 Thread 0x000000001468e800 3060       3       org.gradle.internal.reflect.ClassInspector$DefaultPropertyDetails::getSetters (8 bytes)
Event: 7.234 Thread 0x000000001468e800 nmethod 3060 0x0000000002227650 code [0x00000000022277a0, 0x0000000002227930]

GC Heap History (10 events):
Event: 5.476 GC heap before
{Heap before GC invocations=4 (full 0):
 PSYoungGen      total 38400K, used 38086K [0x00000000eab00000, 0x00000000ed580000, 0x0000000100000000)
  eden space 33280K, 99% used [0x00000000eab00000,0x00000000ecb358f8,0x00000000ecb80000)
  from space 5120K, 99% used [0x00000000ecb80000,0x00000000ed07c010,0x00000000ed080000)
  to   space 5120K, 0% used [0x00000000ed080000,0x00000000ed080000,0x00000000ed580000)
 ParOldGen       total 87552K, used 5111K [0x00000000c0000000, 0x00000000c5580000, 0x00000000eab00000)
  object space 87552K, 5% used [0x00000000c0000000,0x00000000c04fdc88,0x00000000c5580000)
 Metaspace       used 20687K, capacity 21150K, committed 21296K, reserved 1067008K
  class space    used 2779K, capacity 2936K, committed 2944K, reserved 1048576K
Event: 5.486 GC heap after
Heap after GC invocations=4 (full 0):
 PSYoungGen      total 38400K, used 5120K [0x00000000eab00000, 0x00000000ed580000, 0x0000000100000000)
  eden space 33280K, 0% used [0x00000000eab00000,0x00000000eab00000,0x00000000ecb80000)
  from space 5120K, 100% used [0x00000000ed080000,0x00000000ed580000,0x00000000ed580000)
  to   space 5120K, 0% used [0x00000000ecb80000,0x00000000ecb80000,0x00000000ed080000)
 ParOldGen       total 87552K, used 8948K [0x00000000c0000000, 0x00000000c5580000, 0x00000000eab00000)
  object space 87552K, 10% used [0x00000000c0000000,0x00000000c08bd000,0x00000000c5580000)
 Metaspace       used 20687K, capacity 21150K, committed 21296K, reserved 1067008K
  class space    used 2779K, capacity 2936K, committed 2944K, reserved 1048576K
}
Event: 5.487 GC heap before
{Heap before GC invocations=5 (full 1):
 PSYoungGen      total 38400K, used 5120K [0x00000000eab00000, 0x00000000ed580000, 0x0000000100000000)
  eden space 33280K, 0% used [0x00000000eab00000,0x00000000eab00000,0x00000000ecb80000)
  from space 5120K, 100% used [0x00000000ed080000,0x00000000ed580000,0x00000000ed580000)
  to   space 5120K, 0% used [0x00000000ecb80000,0x00000000ecb80000,0x00000000ed080000)
 ParOldGen       total 87552K, used 8948K [0x00000000c0000000, 0x00000000c5580000, 0x00000000eab00000)
  object space 87552K, 10% used [0x00000000c0000000,0x00000000c08bd000,0x00000000c5580000)
 Metaspace       used 20687K, capacity 21150K, committed 21296K, reserved 1067008K
  class space    used 2779K, capacity 2936K, committed 2944K, reserved 1048576K
Event: 5.542 GC heap after
Heap after GC invocations=5 (full 1):
 PSYoungGen      total 38400K, used 0K [0x00000000eab00000, 0x00000000ed580000, 0x0000000100000000)
  eden space 33280K, 0% used [0x00000000eab00000,0x00000000eab00000,0x00000000ecb80000)
  from space 5120K, 0% used [0x00000000ed080000,0x00000000ed080000,0x00000000ed580000)
  to   space 5120K, 0% used [0x00000000ecb80000,0x00000000ecb80000,0x00000000ed080000)
 ParOldGen       total 67072K, used 9056K [0x00000000c0000000, 0x00000000c4180000, 0x00000000eab00000)
  object space 67072K, 13% used [0x00000000c0000000,0x00000000c08d8368,0x00000000c4180000)
 Metaspace       used 20685K, capacity 21148K, committed 21296K, reserved 1067008K
  class space    used 2778K, capacity 2935K, committed 2944K, reserved 1048576K
}
Event: 6.011 GC heap before
{Heap before GC invocations=6 (full 1):
 PSYoungGen      total 38400K, used 33280K [0x00000000eab00000, 0x00000000ed580000, 0x0000000100000000)
  eden space 33280K, 100% used [0x00000000eab00000,0x00000000ecb80000,0x00000000ecb80000)
  from space 5120K, 0% used [0x00000000ed080000,0x00000000ed080000,0x00000000ed580000)
  to   space 5120K, 0% used [0x00000000ecb80000,0x00000000ecb80000,0x00000000ed080000)
 ParOldGen       total 67072K, used 9056K [0x00000000c0000000, 0x00000000c4180000, 0x00000000eab00000)
  object space 67072K, 13% used [0x00000000c0000000,0x00000000c08d8368,0x00000000c4180000)
 Metaspace       used 22577K, capacity 23048K, committed 23296K, reserved 1069056K
  class space    used 3087K, capacity 3239K, committed 3328K, reserved 1048576K
Event: 6.018 GC heap after
Heap after GC invocations=6 (full 1):
 PSYoungGen      total 38400K, used 4123K [0x00000000eab00000, 0x00000000ef100000, 0x0000000100000000)
  eden space 33280K, 0% used [0x00000000eab00000,0x00000000eab00000,0x00000000ecb80000)
  from space 5120K, 80% used [0x00000000ecb80000,0x00000000ecf86e00,0x00000000ed080000)
  to   space 11264K, 0% used [0x00000000ee600000,0x00000000ee600000,0x00000000ef100000)
 ParOldGen       total 67072K, used 9064K [0x00000000c0000000, 0x00000000c4180000, 0x00000000eab00000)
  object space 67072K, 13% used [0x00000000c0000000,0x00000000c08da368,0x00000000c4180000)
 Metaspace       used 22577K, capacity 23048K, committed 23296K, reserved 1069056K
  class space    used 3087K, capacity 3239K, committed 3328K, reserved 1048576K
}
Event: 6.417 GC heap before
{Heap before GC invocations=7 (full 1):
 PSYoungGen      total 38400K, used 37403K [0x00000000eab00000, 0x00000000ef100000, 0x0000000100000000)
  eden space 33280K, 100% used [0x00000000eab00000,0x00000000ecb80000,0x00000000ecb80000)
  from space 5120K, 80% used [0x00000000ecb80000,0x00000000ecf86e00,0x00000000ed080000)
  to   space 11264K, 0% used [0x00000000ee600000,0x00000000ee600000,0x00000000ef100000)
 ParOldGen       total 67072K, used 9064K [0x00000000c0000000, 0x00000000c4180000, 0x00000000eab00000)
  object space 67072K, 13% used [0x00000000c0000000,0x00000000c08da368,0x00000000c4180000)
 Metaspace       used 25634K, capacity 26234K, committed 26496K, reserved 1073152K
  class space    used 3471K, capacity 3658K, committed 3712K, reserved 1048576K
Event: 6.427 GC heap after
Heap after GC invocations=7 (full 1):
 PSYoungGen      total 60928K, used 4966K [0x00000000eab00000, 0x00000000ef280000, 0x0000000100000000)
  eden space 49664K, 0% used [0x00000000eab00000,0x00000000eab00000,0x00000000edb80000)
  from space 11264K, 44% used [0x00000000ee600000,0x00000000eead9b30,0x00000000ef100000)
  to   space 10752K, 0% used [0x00000000edb80000,0x00000000edb80000,0x00000000ee600000)
 ParOldGen       total 67072K, used 9072K [0x00000000c0000000, 0x00000000c4180000, 0x00000000eab00000)
  object space 67072K, 13% used [0x00000000c0000000,0x00000000c08dc368,0x00000000c4180000)
 Metaspace       used 25634K, capacity 26234K, committed 26496K, reserved 1073152K
  class space    used 3471K, capacity 3658K, committed 3712K, reserved 1048576K
}
Event: 7.142 GC heap before
{Heap before GC invocations=8 (full 1):
 PSYoungGen      total 60928K, used 54630K [0x00000000eab00000, 0x00000000ef280000, 0x0000000100000000)
  eden space 49664K, 100% used [0x00000000eab00000,0x00000000edb80000,0x00000000edb80000)
  from space 11264K, 44% used [0x00000000ee600000,0x00000000eead9b30,0x00000000ef100000)
  to   space 10752K, 0% used [0x00000000edb80000,0x00000000edb80000,0x00000000ee600000)
 ParOldGen       total 67072K, used 9072K [0x00000000c0000000, 0x00000000c4180000, 0x00000000eab00000)
  object space 67072K, 13% used [0x00000000c0000000,0x00000000c08dc368,0x00000000c4180000)
 Metaspace       used 28996K, capacity 29708K, committed 29824K, reserved 1075200K
  class space    used 3913K, capacity 4195K, committed 4224K, reserved 1048576K
Event: 7.153 GC heap after
Heap after GC invocations=8 (full 1):
 PSYoungGen      total 60416K, used 8250K [0x00000000eab00000, 0x00000000ef280000, 0x0000000100000000)
  eden space 49664K, 0% used [0x00000000eab00000,0x00000000eab00000,0x00000000edb80000)
  from space 10752K, 76% used [0x00000000edb80000,0x00000000ee38eb88,0x00000000ee600000)
  to   space 11264K, 0% used [0x00000000ee600000,0x00000000ee600000,0x00000000ef100000)
 ParOldGen       total 67072K, used 9144K [0x00000000c0000000, 0x00000000c4180000, 0x00000000eab00000)
  object space 67072K, 13% used [0x00000000c0000000,0x00000000c08ee378,0x00000000c4180000)
 Metaspace       used 28996K, capacity 29708K, committed 29824K, reserved 1075200K
  class space    used 3913K, capacity 4195K, committed 4224K, reserved 1048576K
}

Deoptimization events (10 events):
Event: 6.988 Thread 0x00000000171f6800 Uncommon trap: reason=class_check action=maybe_recompile pc=0x0000000002a3ebec method=java.util.Hashtable.put(Ljava/lang/Object;Ljava/lang/Object;)Ljava/lang/Object; @ 18
Event: 6.988 Thread 0x00000000171f6800 Uncommon trap: reason=class_check action=maybe_recompile pc=0x0000000002a3ebec method=java.util.Hashtable.put(Ljava/lang/Object;Ljava/lang/Object;)Ljava/lang/Object; @ 18
Event: 6.988 Thread 0x00000000171f6800 Uncommon trap: reason=class_check action=maybe_recompile pc=0x00000000028fa4d0 method=java.util.Hashtable.get(Ljava/lang/Object;)Ljava/lang/Object; @ 45
Event: 6.988 Thread 0x00000000171f6800 Uncommon trap: reason=class_check action=maybe_recompile pc=0x0000000002a3ebec method=java.util.Hashtable.put(Ljava/lang/Object;Ljava/lang/Object;)Ljava/lang/Object; @ 18
Event: 7.001 Thread 0x00000000171f6800 Uncommon trap: reason=class_check action=maybe_recompile pc=0x00000000028fa4d0 method=java.util.Hashtable.get(Ljava/lang/Object;)Ljava/lang/Object; @ 45
Event: 7.001 Thread 0x00000000171f6800 Uncommon trap: reason=class_check action=maybe_recompile pc=0x00000000028fa4d0 method=java.util.Hashtable.get(Ljava/lang/Object;)Ljava/lang/Object; @ 45
Event: 7.009 Thread 0x00000000171f6800 Uncommon trap: reason=unreached action=reinterpret pc=0x0000000002ad44a8 method=org.codehaus.groovy.runtime.metaclass.MetaMethodIndex.copyNonPrivateNonNewMetaMethods(Lorg/codehaus/groovy/runtime/metaclass/MetaMethodIndex$Entry;Lorg/codehaus/groovy/runtime/Í‘»	@
Event: 7.010 Thread 0x00000000171f6800 Uncommon trap: reason=unreached action=reinterpret pc=0x00000000026fc468 method=groovy.lang.MetaClassImpl$1MOPIter.methodNameAction(Ljava/lang/Class;Lorg/codehaus/groovy/runtime/metaclass/MetaMethodIndex$Entry;)V @ 259
Event: 7.032 Thread 0x00000000171f6800 Uncommon trap: reason=unreached action=reinterpret pc=0x0000000002b15a98 method=java.util.Properties$LineReader.readLine()I @ 37
Event: 7.158 Thread 0x0000000001fb7000 Uncommon trap: reason=unreached action=reinterpret pc=0x000000000272a418 method=java.lang.ref.ReferenceQueue.poll()Ljava/lang/ref/Reference; @ 4

Internal exceptions (10 events):
Event: 7.228 Thread 0x00000000171f6800 Exception <a 'java/security/PrivilegedActionException'> (0x00000000eb0afea0) thrown at [D:\re\workspace\8-2-build-windows-amd64-cygwin\jdk8u20\1074\hotspot\src\share\vm\prims\jvm.cpp, line 1275]
Event: 7.229 Thread 0x00000000171f6800 Exception <a 'java/security/PrivilegedActionException'> (0x00000000eb0b3d18) thrown at [D:\re\workspace\8-2-build-windows-amd64-cygwin\jdk8u20\1074\hotspot\src\share\vm\prims\jvm.cpp, line 1275]
Event: 7.229 Thread 0x00000000171f6800 Exception <a 'java/security/PrivilegedActionException'> (0x00000000eb0b5668) thrown at [D:\re\workspace\8-2-build-windows-amd64-cygwin\jdk8u20\1074\hotspot\src\share\vm\prims\jvm.cpp, line 1275]
Event: 7.229 Thread 0x00000000171f6800 Exception <a 'java/security/PrivilegedActionException'> (0x00000000eb0bd5b0) thrown at [D:\re\workspace\8-2-build-windows-amd64-cygwin\jdk8u20\1074\hotspot\src\share\vm\prims\jvm.cpp, line 1275]
Event: 7.230 Thread 0x00000000171f6800 Exception <a 'java/security/PrivilegedActionException'> (0x00000000eb0d3370) thrown at [D:\re\workspace\8-2-build-windows-amd64-cygwin\jdk8u20\1074\hotspot\src\share\vm\prims\jvm.cpp, line 1275]
Event: 7.230 Thread 0x00000000171f6800 Exception <a 'java/security/PrivilegedActionException'> (0x00000000eb0d4ba8) thrown at [D:\re\workspace\8-2-build-windows-amd64-cygwin\jdk8u20\1074\hotspot\src\share\vm\prims\jvm.cpp, line 1275]
Event: 7.230 Thread 0x00000000171f6800 Exception <a 'java/security/PrivilegedActionException'> (0x00000000eb0de890) thrown at [D:\re\workspace\8-2-build-windows-amd64-cygwin\jdk8u20\1074\hotspot\src\share\vm\prims\jvm.cpp, line 1275]
Event: 7.230 Thread 0x00000000171f6800 Exception <a 'java/security/PrivilegedActionException'> (0x00000000eb0e00d8) thrown at [D:\re\workspace\8-2-build-windows-amd64-cygwin\jdk8u20\1074\hotspot\src\share\vm\prims\jvm.cpp, line 1275]
Event: 7.231 Thread 0x00000000171f6800 Exception <a 'java/security/PrivilegedActionException'> (0x00000000eb0e94d0) thrown at [D:\re\workspace\8-2-build-windows-amd64-cygwin\jdk8u20\1074\hotspot\src\share\vm\prims\jvm.cpp, line 1275]
Event: 7.231 Thread 0x00000000171f6800 Exception <a 'java/security/PrivilegedActionException'> (0x00000000eb0eae88) thrown at [D:\re\workspace\8-2-build-windows-amd64-cygwin\jdk8u20\1074\hotspot\src\share\vm\prims\jvm.cpp, line 1275]

Events (10 events):
Event: 7.228 loading class org/gradle/api/ExtensiblePolymorphicDomainObjectContainer
Event: 7.228 loading class org/gradle/api/ExtensiblePolymorphicDomainObjectContainer done
Event: 7.229 loading class org/gradle/platform/base/internal/rules/RuleAwarePolymorphicDomainObjectContainer
Event: 7.229 loading class org/gradle/platform/base/internal/rules/RuleAwarePolymorphicDomainObjectContainer done
Event: 7.230 loading class org/gradle/api/internal/DefaultPolymorphicDomainObjectContainer
Event: 7.230 loading class org/gradle/api/internal/DefaultPolymorphicDomainObjectContainer done
Event: 7.230 loading class org/gradle/api/internal/AbstractPolymorphicDomainObjectContainer
Event: 7.230 loading class org/gradle/api/internal/AbstractPolymorphicDomainObjectContainer done
Event: 7.231 loading class org/gradle/api/internal/AbstractPolymorphicDomainObjectContainer$ContainerDynamicObject
Event: 7.231 loading class org/gradle/api/internal/AbstractPolymorphicDomainObjectContainer$ContainerDynamicObject done


Dynamic libraries:
0x00007ff6bd470000 - 0x00007ff6bd4a4000 	C:\Program Files\Java\jdk1.8.0_20\bin\java.exe
0x00007ffee1e40000 - 0x00007ffee1fec000 	C:\WINDOWS\SYSTEM32\ntdll.dll
0x00007ffedffc0000 - 0x00007ffee00fe000 	C:\WINDOWS\system32\KERNEL32.DLL
0x00007ffedf0d0000 - 0x00007ffedf1e5000 	C:\WINDOWS\system32\KERNELBASE.dll
0x00007ffeddb40000 - 0x00007ffeddbce000 	C:\WINDOWS\system32\apphelp.dll
0x00007ffed5560000 - 0x00007ffed55b3000 	C:\WINDOWS\AppPatch\AppPatch64\AcGenral.DLL
0x00007ffee1760000 - 0x00007ffee180a000 	C:\WINDOWS\system32\msvcrt.dll
0x00007ffedee40000 - 0x00007ffedee6e000 	C:\WINDOWS\SYSTEM32\SspiCli.dll
0x00007ffedfd50000 - 0x00007ffedfda4000 	C:\WINDOWS\system32\SHLWAPI.dll
0x00007ffedfe40000 - 0x00007ffedffb7000 	C:\WINDOWS\system32\USER32.dll
0x00007ffedf7e0000 - 0x00007ffedf974000 	C:\WINDOWS\system32\ole32.dll
0x00007ffee0160000 - 0x00007ffee1679000 	C:\WINDOWS\system32\SHELL32.dll
0x00007ffede5c0000 - 0x00007ffede5e1000 	C:\WINDOWS\SYSTEM32\USERENV.dll
0x00007ffee1d90000 - 0x00007ffee1e3a000 	C:\WINDOWS\system32\ADVAPI32.dll
0x00007ffece5d0000 - 0x00007ffece5ee000 	C:\WINDOWS\SYSTEM32\MPR.dll
0x00007ffee1c40000 - 0x00007ffee1d81000 	C:\WINDOWS\system32\RPCRT4.dll
0x00007ffedfba0000 - 0x00007ffedfbf9000 	C:\WINDOWS\SYSTEM32\sechost.dll
0x00007ffedf980000 - 0x00007ffedfb91000 	C:\WINDOWS\SYSTEM32\combase.dll
0x00007ffedfc00000 - 0x00007ffedfd4f000 	C:\WINDOWS\system32\GDI32.dll
0x00007ffedefa0000 - 0x00007ffedefb5000 	C:\WINDOWS\SYSTEM32\profapi.dll
0x00007ffedd4f0000 - 0x00007ffedd5a2000 	C:\WINDOWS\SYSTEM32\SHCORE.dll
0x00007ffee1810000 - 0x00007ffee1846000 	C:\WINDOWS\system32\IMM32.DLL
0x00007ffee1920000 - 0x00007ffee1a72000 	C:\WINDOWS\system32\MSCTF.dll
0x00007ffedcbd0000 - 0x00007ffedce4a000 	C:\WINDOWS\WinSxS\amd64_microsoft.windows.common-controls_6595b64144ccf1df_6.0.9600.17810_none_6240b9c7ecbd0bda\COMCTL32.dll
0x0000000058d70000 - 0x0000000058e42000 	C:\Program Files\Java\jdk1.8.0_20\jre\bin\msvcr100.dll
0x0000000059220000 - 0x0000000059a78000 	C:\Program Files\Java\jdk1.8.0_20\jre\bin\server\jvm.dll
0x00007ffed5c30000 - 0x00007ffed5c39000 	C:\WINDOWS\SYSTEM32\WSOCK32.dll
0x00007ffedb400000 - 0x00007ffedb422000 	C:\WINDOWS\SYSTEM32\WINMM.dll
0x00007ffedf7d0000 - 0x00007ffedf7d7000 	C:\WINDOWS\system32\PSAPI.DLL
0x00007ffee0100000 - 0x00007ffee015a000 	C:\WINDOWS\system32\WS2_32.dll
0x00007ffedb350000 - 0x00007ffedb37a000 	C:\WINDOWS\SYSTEM32\WINMMBASE.dll
0x00007ffee1740000 - 0x00007ffee1749000 	C:\WINDOWS\system32\NSI.dll
0x00007ffedf2a0000 - 0x00007ffedf2ef000 	C:\WINDOWS\SYSTEM32\cfgmgr32.dll
0x00007ffeddd90000 - 0x00007ffedddb8000 	C:\WINDOWS\SYSTEM32\DEVOBJ.dll
0x0000000059210000 - 0x000000005921f000 	C:\Program Files\Java\jdk1.8.0_20\jre\bin\verify.dll
0x00000000591e0000 - 0x0000000059208000 	C:\Program Files\Java\jdk1.8.0_20\jre\bin\java.dll
0x00000000591c0000 - 0x00000000591d6000 	C:\Program Files\Java\jdk1.8.0_20\jre\bin\zip.dll
0x0000000059170000 - 0x000000005918a000 	C:\Program Files\Java\jdk1.8.0_20\jre\bin\net.dll
0x00007ffede880000 - 0x00007ffede8d9000 	C:\WINDOWS\system32\mswsock.dll
0x0000000059150000 - 0x0000000059161000 	C:\Program Files\Java\jdk1.8.0_20\jre\bin\nio.dll
0x00007ffec8f00000 - 0x00007ffec8f12000 	C:\Users\Paopao\.gradle\native\19\windows-amd64\native-platform.dll
0x00007ffed81f0000 - 0x00007ffed821a000 	C:\WINDOWS\SYSTEM32\IPHLPAPI.DLL
0x00007ffed81e0000 - 0x00007ffed81ea000 	C:\WINDOWS\SYSTEM32\WINNSI.DLL
0x00007ffed7aa0000 - 0x00007ffed7ab6000 	C:\WINDOWS\SYSTEM32\dhcpcsvc6.DLL
0x00007ffed7d10000 - 0x00007ffed7d2a000 	C:\WINDOWS\SYSTEM32\dhcpcsvc.DLL
0x00007ffede8e0000 - 0x00007ffede900000 	C:\WINDOWS\SYSTEM32\CRYPTSP.dll
0x00007ffede490000 - 0x00007ffede4c6000 	C:\WINDOWS\system32\rsaenh.dll
0x00007ffedeb30000 - 0x00007ffedeb56000 	C:\WINDOWS\SYSTEM32\bcrypt.dll
0x00007ffedee70000 - 0x00007ffedeed3000 	C:\WINDOWS\system32\bcryptprimitives.dll
0x00007ffedeee0000 - 0x00007ffedeeeb000 	C:\WINDOWS\SYSTEM32\CRYPTBASE.dll
0x0000000058f20000 - 0x0000000058f2d000 	C:\Program Files\Java\jdk1.8.0_20\jre\bin\management.dll
0x00007ffeda0a0000 - 0x00007ffeda229000 	C:\WINDOWS\SYSTEM32\dbghelp.dll

VM Arguments:
jvm_args: -XX:MaxPermSize=256m -XX:+HeapDumpOnOutOfMemoryError -Xmx1024m -Dfile.encoding=windows-1252 -Duser.country=US -Duser.language=en -Duser.variant 
java_command: org.gradle.launcher.daemon.bootstrap.GradleDaemon 2.4 C:\Users\Paopao\.gradle C:\Users\Paopao\.gradle\daemon 10800000 9e6f07cd-312a-4c5a-b0f2-7e4067dbcb46 -XX:MaxPermSize=256m -XX:+HeapDumpOnOutOfMemoryError -Xmx1024m -Dfile.encoding=windows-1252 -Duser.country=US -Duser.language=en -Duser.variant
java_class_path (initial): C:\Program Files\Android\Android Studio\gradle\gradle-2.4\lib\gradle-launcher-2.4.jar
Launcher Type: SUN_STANDARD

Environment Variables:
JAVA_HOME=C:\Program Files\Java\jdk1.8.0_20
PATH=C:\Program Files (x86)\NVIDIA Corporation\PhysX\Common;C:\ProgramData\Oracle\Java\javapath;C:\Program Files\Broadcom\Broadcom 802.11 Network Adapter;;C:\Program Files (x86)\Intel\iCLS Client\;C:\Program Files\Intel\iCLS Client\;C:\WINDOWS\system32;C:\WINDOWS;C:\WINDOWS\System32\Wbem;C:\WINDOWS\System32\WindowsPowerShell\v1.0\;C:\Program Files\WIDCOMM\Bluetooth Software\;C:\Program Files\WIDCOMM\Bluetooth Software\syswow64;C:\Program Files\Intel\Intel(R) Management Engine Components\DAL;C:\Program Files\Intel\Intel(R) Management Engine Components\IPT;C:\Program Files (x86)\Intel\Intel(R) Management Engine Components\DAL;C:\Program Files (x86)\Intel\Intel(R) Management Engine Components\IPT
USERNAME=Paopao
OS=Windows_NT
PROCESSOR_IDENTIFIER=Intel64 Family 6 Model 60 Stepping 3, GenuineIntel



---------------  S Y S T E M  ---------------

OS: Windows 8.1 , 64 bit Build 9600 

CPU:total 4 (4 cores per cpu, 1 threads per core) family 6 model 60 stepping 3, cmov, cx8, fxsr, mmx, sse, sse2, sse3, ssse3, sse4.1, sse4.2, popcnt, avx, avx2, aes, clmul, erms, lzcnt, tsc, tscinvbit, bmi1, bmi2

Memory: 4k page, physical 8313708k(754216k free), swap 11459436k(648800k free)

vm_info: Java HotSpot(TM) 64-Bit Server VM (25.20-b23) for windows-amd64 JRE (1.8.0_20-b26), built on Jul 30 2014 13:51:23 by "java_re" with MS VC++ 10.0 (VS2010)

time: Fri Oct 02 00:56:02 2015
elapsed time: 7 seconds (0d 0h 0m 7s)

